DEPRECATION WARNING: config.action_view.debug_rjs will be removed in 3.1, from 3.1 onwards you will need to install prototype-rails to continue to use RJS templates . (called from E:/chandramouli/config/initializers/setup_mail.rb:1)


Started GET "/" for 127.0.0.1 at Wed Feb 29 23:53:10 +0530 2012

Mysql::Error (Access denied for user 'root'@'localhost' (using password: NO)):
  

Rendered C:/Ruby187/lib/ruby/gems/1.8/gems/actionpack-3.0.9/lib/action_dispatch/middleware/templates/rescues/_trace.erb (2.0ms)
Rendered C:/Ruby187/lib/ruby/gems/1.8/gems/actionpack-3.0.9/lib/action_dispatch/middleware/templates/rescues/_request_and_response.erb (22.0ms)
Rendered C:/Ruby187/lib/ruby/gems/1.8/gems/actionpack-3.0.9/lib/action_dispatch/middleware/templates/rescues/diagnostics.erb within rescues/layout (38.0ms)


Started GET "/" for 127.0.0.1 at Wed Feb 29 23:55:14 +0530 2012

Mysql::Error (Access denied for user 'root'@'localhost' (using password: NO)):
  

Rendered C:/Ruby187/lib/ruby/gems/1.8/gems/actionpack-3.0.9/lib/action_dispatch/middleware/templates/rescues/_trace.erb (2.0ms)
Rendered C:/Ruby187/lib/ruby/gems/1.8/gems/actionpack-3.0.9/lib/action_dispatch/middleware/templates/rescues/_request_and_response.erb (2.0ms)
Rendered C:/Ruby187/lib/ruby/gems/1.8/gems/actionpack-3.0.9/lib/action_dispatch/middleware/templates/rescues/diagnostics.erb within rescues/layout (16.0ms)


Started GET "/" for 127.0.0.1 at Wed Feb 29 23:55:19 +0530 2012

Mysql::Error (Access denied for user 'root'@'localhost' (using password: NO)):
  

Rendered C:/Ruby187/lib/ruby/gems/1.8/gems/actionpack-3.0.9/lib/action_dispatch/middleware/templates/rescues/_trace.erb (1.0ms)
Rendered C:/Ruby187/lib/ruby/gems/1.8/gems/actionpack-3.0.9/lib/action_dispatch/middleware/templates/rescues/_request_and_response.erb (2.0ms)
Rendered C:/Ruby187/lib/ruby/gems/1.8/gems/actionpack-3.0.9/lib/action_dispatch/middleware/templates/rescues/diagnostics.erb within rescues/layout (17.0ms)


Started GET "/" for 127.0.0.1 at Wed Feb 29 23:55:37 +0530 2012

Mysql::Error (Access denied for user 'root'@'localhost' (using password: NO)):
  

Rendered C:/Ruby187/lib/ruby/gems/1.8/gems/actionpack-3.0.9/lib/action_dispatch/middleware/templates/rescues/_trace.erb (2.0ms)
Rendered C:/Ruby187/lib/ruby/gems/1.8/gems/actionpack-3.0.9/lib/action_dispatch/middleware/templates/rescues/_request_and_response.erb (2.0ms)
Rendered C:/Ruby187/lib/ruby/gems/1.8/gems/actionpack-3.0.9/lib/action_dispatch/middleware/templates/rescues/diagnostics.erb within rescues/layout (15.0ms)
DEPRECATION WARNING: config.action_view.debug_rjs will be removed in 3.1, from 3.1 onwards you will need to install prototype-rails to continue to use RJS templates . (called from E:/chandramouli/config/initializers/setup_mail.rb:1)


Started GET "/" for 127.0.0.1 at Wed Feb 29 23:58:32 +0530 2012
  Processing by HomesController#index as HTML
Rendered homes/index.html.erb within layouts/application (8.0ms)
Completed 200 OK in 22ms (Views: 21.0ms | ActiveRecord: 0.0ms)


Started GET "/" for 127.0.0.1 at Wed Feb 29 23:58:38 +0530 2012
  Processing by HomesController#index as HTML
Rendered homes/index.html.erb within layouts/application (8.0ms)
Completed 200 OK in 26ms (Views: 25.0ms | ActiveRecord: 0.0ms)


Started GET "/homes/about_me" for 127.0.0.1 at Wed Feb 29 23:58:55 +0530 2012
  Processing by HomesController#about_me as HTML
Rendered homes/about_me.html.erb within layouts/application (6.0ms)
Completed 200 OK in 21ms (Views: 19.0ms | ActiveRecord: 0.0ms)


Started GET "/homes/mygallery?class=main_menu+" for 127.0.0.1 at Wed Feb 29 23:59:02 +0530 2012
  Processing by HomesController#mygallery as HTML
  Parameters: {"class"=>"main_menu "}
Rendered homes/mygallery.html.erb within layouts/application (54.0ms)
Completed 200 OK in 70ms (Views: 70.0ms | ActiveRecord: 0.0ms)


Started GET "/homes/portfolio?class=main_menu" for 127.0.0.1 at Thu Mar 01 00:00:39 +0530 2012
  Processing by HomesController#portfolio as HTML
  Parameters: {"class"=>"main_menu"}
Rendered homes/portfolio.html.erb within layouts/application (5.0ms)
Completed 200 OK in 18ms (Views: 18.0ms | ActiveRecord: 0.0ms)


Started GET "/homes/portfolio?class=main_menu" for 127.0.0.1 at Thu Mar 01 00:03:41 +0530 2012
  Processing by HomesController#portfolio as HTML
  Parameters: {"class"=>"main_menu"}
Rendered homes/portfolio.html.erb within layouts/application (5.0ms)
Completed 200 OK in 26ms (Views: 24.0ms | ActiveRecord: 0.0ms)


Started GET "/homes/contact?class=main_menu" for 127.0.0.1 at Thu Mar 01 00:04:02 +0530 2012
  Processing by HomesController#contact as HTML
  Parameters: {"class"=>"main_menu"}
Rendered homes/contact.html.erb within layouts/application (7.0ms)
Completed 200 OK in 23ms (Views: 23.0ms | ActiveRecord: 0.0ms)


Started GET "/homes/mygallery?class=main_menu+" for 127.0.0.1 at Thu Mar 01 00:04:06 +0530 2012
  Processing by HomesController#mygallery as HTML
  Parameters: {"class"=>"main_menu "}
Rendered homes/mygallery.html.erb within layouts/application (6.0ms)
Completed 200 OK in 21ms (Views: 20.0ms | ActiveRecord: 0.0ms)


Started GET "/homes/about_me?class=main_menu" for 127.0.0.1 at Thu Mar 01 00:04:11 +0530 2012
  Processing by HomesController#about_me as HTML
  Parameters: {"class"=>"main_menu"}
Rendered homes/about_me.html.erb within layouts/application (6.0ms)
Completed 200 OK in 21ms (Views: 21.0ms | ActiveRecord: 0.0ms)


Started GET "/homes/portfolio?class=main_menu" for 127.0.0.1 at Thu Mar 01 00:04:14 +0530 2012
  Processing by HomesController#portfolio as HTML
  Parameters: {"class"=>"main_menu"}
Rendered homes/portfolio.html.erb within layouts/application (5.0ms)
Completed 200 OK in 20ms (Views: 20.0ms | ActiveRecord: 0.0ms)


Started GET "/homes/resume?class=main_menu+" for 127.0.0.1 at Thu Mar 01 00:04:19 +0530 2012
  Processing by HomesController#resume as HTML
  Parameters: {"class"=>"main_menu "}
Rendered homes/resume.html.erb within layouts/application (6.0ms)
Completed 200 OK in 23ms (Views: 22.0ms | ActiveRecord: 0.0ms)
DEPRECATION WARNING: config.action_view.debug_rjs will be removed in 3.1, from 3.1 onwards you will need to install prototype-rails to continue to use RJS templates . (called from E:/chandramouli/config/initializers/setup_mail.rb:1)


Started GET "/" for 127.0.0.1 at Thu Mar 01 18:42:18 +0530 2012
  Processing by HomesController#index as HTML
Rendered homes/index.html.erb within layouts/application (44.0ms)
Completed 200 OK in 82ms (Views: 82.0ms | ActiveRecord: 0.0ms)


Started GET "/" for 127.0.0.1 at Thu Mar 01 18:53:55 +0530 2012
  Processing by HomesController#index as HTML
Rendered homes/index.html.erb within layouts/application (7.0ms)
Completed 200 OK in 24ms (Views: 24.0ms | ActiveRecord: 0.0ms)


Started GET "/" for 127.0.0.1 at Thu Mar 01 18:54:35 +0530 2012
  Processing by HomesController#index as HTML
Rendered homes/index.html.erb within layouts/application (7.0ms)
Completed 200 OK in 27ms (Views: 27.0ms | ActiveRecord: 0.0ms)
DEPRECATION WARNING: config.action_view.debug_rjs will be removed in 3.1, from 3.1 onwards you will need to install prototype-rails to continue to use RJS templates . (called from E:/chandramouli/config/initializers/setup_mail.rb:1)
DEPRECATION WARNING: config.action_view.debug_rjs will be removed in 3.1, from 3.1 onwards you will need to install prototype-rails to continue to use RJS templates . (called from E:/chandramouli/config/initializers/setup_mail.rb:1)


Started GET "/" for 127.0.0.1 at Thu Mar 08 11:06:36 +0530 2012
  Processing by HomesController#index as HTML
Rendered homes/index.html.erb within layouts/application (7.0ms)
Completed 200 OK in 21ms (Views: 20.0ms | ActiveRecord: 0.0ms)


Started GET "/" for 127.0.0.1 at Thu Mar 08 11:12:36 +0530 2012
  Processing by HomesController#index as HTML
Rendered homes/index.html.erb within layouts/application (7.0ms)
Completed 200 OK in 30ms (Views: 29.0ms | ActiveRecord: 0.0ms)


Started GET "/" for 127.0.0.1 at Thu Mar 08 11:13:06 +0530 2012
  Processing by HomesController#index as HTML
Rendered homes/index.html.erb within layouts/application (7.0ms)
Completed 200 OK in 33ms (Views: 32.0ms | ActiveRecord: 0.0ms)


Started GET "/" for 127.0.0.1 at Thu Mar 08 11:13:54 +0530 2012
  Processing by HomesController#index as HTML
Rendered homes/index.html.erb within layouts/application (8.0ms)
Completed 200 OK in 33ms (Views: 32.0ms | ActiveRecord: 0.0ms)


Started GET "/" for 127.0.0.1 at Thu Mar 08 11:32:11 +0530 2012
  Processing by HomesController#index as HTML
Rendered homes/index.html.erb within layouts/application (7.0ms)
Completed 200 OK in 30ms (Views: 30.0ms | ActiveRecord: 0.0ms)


Started GET "/" for 127.0.0.1 at Thu Mar 08 11:33:15 +0530 2012
  Processing by HomesController#index as HTML
Rendered homes/index.html.erb within layouts/application (7.0ms)
Completed 200 OK in 27ms (Views: 26.0ms | ActiveRecord: 0.0ms)


Started GET "/" for 127.0.0.1 at Thu Mar 08 11:33:16 +0530 2012
  Processing by HomesController#index as HTML
Rendered homes/index.html.erb within layouts/application (13.0ms)
Completed 200 OK in 40ms (Views: 39.0ms | ActiveRecord: 0.0ms)


Started GET "/" for 127.0.0.1 at Thu Mar 08 11:33:16 +0530 2012
  Processing by HomesController#index as HTML
Rendered homes/index.html.erb within layouts/application (7.0ms)
Completed 200 OK in 22ms (Views: 22.0ms | ActiveRecord: 0.0ms)


Started GET "/" for 127.0.0.1 at Thu Mar 08 11:33:16 +0530 2012
  Processing by HomesController#index as HTML
Rendered homes/index.html.erb within layouts/application (7.0ms)
Completed 200 OK in 23ms (Views: 23.0ms | ActiveRecord: 0.0ms)


Started GET "/" for 127.0.0.1 at Thu Mar 08 11:33:17 +0530 2012
  Processing by HomesController#index as HTML
Rendered homes/index.html.erb within layouts/application (8.0ms)
Completed 200 OK in 23ms (Views: 22.0ms | ActiveRecord: 0.0ms)


Started GET "/" for 127.0.0.1 at Thu Mar 08 11:33:17 +0530 2012
  Processing by HomesController#index as HTML
Rendered homes/index.html.erb within layouts/application (13.0ms)
Completed 200 OK in 41ms (Views: 39.0ms | ActiveRecord: 0.0ms)


Started GET "/" for 127.0.0.1 at Thu Mar 08 11:33:17 +0530 2012
  Processing by HomesController#index as HTML
Rendered homes/index.html.erb within layouts/application (63.0ms)
Completed 200 OK in 87ms (Views: 85.0ms | ActiveRecord: 0.0ms)


Started GET "/" for 127.0.0.1 at Thu Mar 08 11:34:52 +0530 2012
  Processing by HomesController#index as HTML
Rendered homes/index.html.erb within layouts/application (12.0ms)
Completed 200 OK in 37ms (Views: 37.0ms | ActiveRecord: 0.0ms)


Started GET "/" for 127.0.0.1 at Thu Mar 08 11:36:14 +0530 2012
  Processing by HomesController#index as HTML
Rendered homes/index.html.erb within layouts/application (6.0ms)
Completed 200 OK in 23ms (Views: 22.0ms | ActiveRecord: 0.0ms)


Started GET "/" for 127.0.0.1 at Thu Mar 08 11:36:34 +0530 2012
  Processing by HomesController#index as HTML
Rendered homes/index.html.erb within layouts/application (11.0ms)
Completed 200 OK in 33ms (Views: 31.0ms | ActiveRecord: 0.0ms)


Started GET "/homes/portfolio" for 127.0.0.1 at Thu Mar 08 11:37:35 +0530 2012
  Processing by HomesController#portfolio as HTML
Rendered homes/portfolio.html.erb within layouts/application (7.0ms)
Completed 200 OK in 612ms (Views: 611.0ms | ActiveRecord: 0.0ms)


Started GET "/homes/resume?class=main_menu+" for 127.0.0.1 at Thu Mar 08 11:37:43 +0530 2012
  Processing by HomesController#resume as HTML
  Parameters: {"class"=>"main_menu "}
Rendered homes/resume.html.erb within layouts/application (7.0ms)
Completed 200 OK in 106ms (Views: 106.0ms | ActiveRecord: 0.0ms)


Started GET "/homes/portfolio?class=main_menu" for 127.0.0.1 at Thu Mar 08 11:37:46 +0530 2012
  Processing by HomesController#portfolio as HTML
  Parameters: {"class"=>"main_menu"}
Rendered homes/portfolio.html.erb within layouts/application (10.0ms)
Completed 200 OK in 36ms (Views: 35.0ms | ActiveRecord: 0.0ms)


Started GET "/homes/contact?class=main_menu" for 127.0.0.1 at Thu Mar 08 11:37:47 +0530 2012
  Processing by HomesController#contact as HTML
  Parameters: {"class"=>"main_menu"}
Rendered homes/contact.html.erb within layouts/application (9.0ms)
Completed 200 OK in 64ms (Views: 63.0ms | ActiveRecord: 0.0ms)


Started GET "/homes/contact?class=main_menu" for 127.0.0.1 at Thu Mar 08 11:38:14 +0530 2012
  Processing by HomesController#contact as HTML
  Parameters: {"class"=>"main_menu"}
Rendered homes/contact.html.erb within layouts/application (12.0ms)
Completed 200 OK in 39ms (Views: 38.0ms | ActiveRecord: 0.0ms)


Started GET "/homes/index" for 127.0.0.1 at Thu Mar 08 11:38:16 +0530 2012
  Processing by HomesController#index as HTML
Rendered homes/index.html.erb within layouts/application (8.0ms)
Completed 200 OK in 23ms (Views: 22.0ms | ActiveRecord: 0.0ms)


Started GET "/homes/portfolio" for 127.0.0.1 at Thu Mar 08 11:38:18 +0530 2012
  Processing by HomesController#portfolio as HTML
Rendered homes/portfolio.html.erb within layouts/application (6.0ms)
Completed 200 OK in 26ms (Views: 25.0ms | ActiveRecord: 0.0ms)


Started GET "/homes/about_me?class=main_menu" for 127.0.0.1 at Thu Mar 08 11:38:22 +0530 2012
  Processing by HomesController#about_me as HTML
  Parameters: {"class"=>"main_menu"}
Rendered homes/about_me.html.erb within layouts/application (13.0ms)
Completed 200 OK in 75ms (Views: 74.0ms | ActiveRecord: 0.0ms)


Started GET "/homes/mygallery?class=main_menu+" for 127.0.0.1 at Thu Mar 08 11:38:23 +0530 2012
  Processing by HomesController#mygallery as HTML
  Parameters: {"class"=>"main_menu "}
Rendered homes/mygallery.html.erb within layouts/application (7.0ms)
Completed 200 OK in 27ms (Views: 27.0ms | ActiveRecord: 0.0ms)


Started GET "/homes/portfolio?class=main_menu" for 127.0.0.1 at Thu Mar 08 11:38:59 +0530 2012
  Processing by HomesController#portfolio as HTML
  Parameters: {"class"=>"main_menu"}
Rendered homes/portfolio.html.erb within layouts/application (8.0ms)
Completed 200 OK in 31ms (Views: 30.0ms | ActiveRecord: 0.0ms)


Started GET "/homes/about_me?class=main_menu" for 127.0.0.1 at Thu Mar 08 12:08:24 +0530 2012
  Processing by HomesController#about_me as HTML
  Parameters: {"class"=>"main_menu"}
Rendered homes/about_me.html.erb within layouts/application (4.0ms)
Completed 200 OK in 20ms (Views: 19.5ms | ActiveRecord: 0.0ms)


Started GET "/homes/contact?class=main_menu" for 127.0.0.1 at Thu Mar 08 12:08:26 +0530 2012
  Processing by HomesController#contact as HTML
  Parameters: {"class"=>"main_menu"}
Rendered homes/contact.html.erb within layouts/application (8.0ms)
Completed 200 OK in 24ms (Views: 23.5ms | ActiveRecord: 0.0ms)


Started GET "/homes/mygallery?class=main_menu+" for 127.0.0.1 at Thu Mar 08 12:08:30 +0530 2012
  Processing by HomesController#mygallery as HTML
  Parameters: {"class"=>"main_menu "}
Rendered homes/mygallery.html.erb within layouts/application (6.0ms)
Completed 200 OK in 22ms (Views: 21.0ms | ActiveRecord: 0.0ms)


Started GET "/homes/about_me?class=main_menu" for 127.0.0.1 at Thu Mar 08 12:08:36 +0530 2012
  Processing by HomesController#about_me as HTML
  Parameters: {"class"=>"main_menu"}
Rendered homes/about_me.html.erb within layouts/application (5.0ms)
Completed 200 OK in 22ms (Views: 21.0ms | ActiveRecord: 0.0ms)


Started GET "/homes/portfolio?class=main_menu" for 127.0.0.1 at Thu Mar 08 12:08:38 +0530 2012
  Processing by HomesController#portfolio as HTML
  Parameters: {"class"=>"main_menu"}
Rendered homes/portfolio.html.erb within layouts/application (5.5ms)
Completed 200 OK in 21ms (Views: 20.5ms | ActiveRecord: 0.0ms)


Started GET "/homes/contact?class=main_menu" for 127.0.0.1 at Thu Mar 08 12:08:40 +0530 2012
  Processing by HomesController#contact as HTML
  Parameters: {"class"=>"main_menu"}
Rendered homes/contact.html.erb within layouts/application (8.0ms)
Completed 200 OK in 26ms (Views: 23.5ms | ActiveRecord: 0.0ms)


Started GET "/homes/mygallery?class=main_menu+" for 127.0.0.1 at Thu Mar 08 12:08:42 +0530 2012
  Processing by HomesController#mygallery as HTML
  Parameters: {"class"=>"main_menu "}
Rendered homes/mygallery.html.erb within layouts/application (5.5ms)
Completed 200 OK in 21ms (Views: 20.5ms | ActiveRecord: 0.0ms)


Started GET "/homes/contact?class=main_menu" for 127.0.0.1 at Thu Mar 08 12:22:36 +0530 2012
  Processing by HomesController#contact as HTML
  Parameters: {"class"=>"main_menu"}
Rendered homes/contact.html.erb within layouts/application (6.0ms)
Completed 200 OK in 21ms (Views: 20.0ms | ActiveRecord: 0.0ms)
DEPRECATION WARNING: config.action_view.debug_rjs will be removed in 3.1, from 3.1 onwards you will need to install prototype-rails to continue to use RJS templates . (called from E:/chandramouli/config/initializers/setup_mail.rb:1)


Started GET "/homes/contact?class=main_menu" for 127.0.0.1 at Thu Mar 08 13:23:18 +0530 2012
  Processing by HomesController#contact as HTML
  Parameters: {"class"=>"main_menu"}
Rendered homes/contact.html.erb within layouts/application (7.5ms)
Completed 200 OK in 24ms (Views: 23.0ms | ActiveRecord: 0.0ms)


Started GET "/homes/portfolio?class=main_menu" for 127.0.0.1 at Thu Mar 08 13:23:33 +0530 2012
  Processing by HomesController#portfolio as HTML
  Parameters: {"class"=>"main_menu"}
Rendered homes/portfolio.html.erb within layouts/application (8.5ms)
Completed 200 OK in 43ms (Views: 41.5ms | ActiveRecord: 0.0ms)


Started GET "/homes/about_me?class=main_menu" for 127.0.0.1 at Thu Mar 08 15:46:18 +0530 2012
  Processing by HomesController#about_me as HTML
  Parameters: {"class"=>"main_menu"}
Rendered homes/about_me.html.erb within layouts/application (5.0ms)
Completed 200 OK in 21ms (Views: 20.0ms | ActiveRecord: 0.0ms)


Started GET "/homes/mygallery?class=main_menu+" for 127.0.0.1 at Thu Mar 08 15:46:51 +0530 2012
  Processing by HomesController#mygallery as HTML
  Parameters: {"class"=>"main_menu "}
Rendered homes/mygallery.html.erb within layouts/application (4.5ms)
Completed 200 OK in 25ms (Views: 24.0ms | ActiveRecord: 0.0ms)


Started GET "/homes/contact?class=main_menu" for 127.0.0.1 at Thu Mar 08 15:49:02 +0530 2012
  Processing by HomesController#contact as HTML
  Parameters: {"class"=>"main_menu"}
Rendered homes/contact.html.erb within layouts/application (6.5ms)
Completed 200 OK in 25ms (Views: 24.5ms | ActiveRecord: 0.0ms)
DEPRECATION WARNING: config.action_view.debug_rjs will be removed in 3.1, from 3.1 onwards you will need to install prototype-rails to continue to use RJS templates . (called from E:/chandramouli/config/initializers/setup_mail.rb:1)


Started GET "/" for 127.0.0.1 at Wed Mar 14 08:38:36 +0530 2012
  Processing by HomesController#index as HTML
Rendered homes/index.html.erb within layouts/application (0.0ms)
Completed 200 OK in 78ms (Views: 78.0ms | ActiveRecord: 0.0ms)


Started GET "/homes/about_me" for 127.0.0.1 at Wed Mar 14 08:38:49 +0530 2012
  Processing by HomesController#about_me as HTML
Rendered homes/about_me.html.erb within layouts/application (15.6ms)
Completed 200 OK in 94ms (Views: 93.6ms | ActiveRecord: 0.0ms)


Started GET "/homes/mygallery?class=main_menu+" for 127.0.0.1 at Wed Mar 14 08:38:51 +0530 2012
  Processing by HomesController#mygallery as HTML
  Parameters: {"class"=>"main_menu "}
Rendered homes/mygallery.html.erb within layouts/application (0.0ms)
Completed 200 OK in 31ms (Views: 31.2ms | ActiveRecord: 0.0ms)


Started GET "/homes/mygallery?class=main_menu+" for 127.0.0.1 at Wed Mar 14 08:40:34 +0530 2012
  Processing by HomesController#mygallery as HTML
  Parameters: {"class"=>"main_menu "}
Rendered homes/mygallery.html.erb within layouts/application (0.0ms)
Completed 200 OK in 16ms (Views: 15.6ms | ActiveRecord: 0.0ms)


Started GET "/homes/portfolio?class=main_menu" for 127.0.0.1 at Wed Mar 14 08:41:39 +0530 2012
  Processing by HomesController#portfolio as HTML
  Parameters: {"class"=>"main_menu"}
Rendered homes/portfolio.html.erb within layouts/application (0.0ms)
Completed 200 OK in 94ms (Views: 78.0ms | ActiveRecord: 0.0ms)


Started GET "/homes/contact?class=main_menu" for 127.0.0.1 at Wed Mar 14 08:41:53 +0530 2012
  Processing by HomesController#contact as HTML
  Parameters: {"class"=>"main_menu"}
Rendered homes/contact.html.erb within layouts/application (15.6ms)
Completed 200 OK in 62ms (Views: 62.4ms | ActiveRecord: 0.0ms)


Started GET "/homes/mygallery?class=main_menu+" for 127.0.0.1 at Wed Mar 14 08:42:01 +0530 2012
  Processing by HomesController#mygallery as HTML
  Parameters: {"class"=>"main_menu "}
Rendered homes/mygallery.html.erb within layouts/application (0.0ms)
Completed 200 OK in 16ms (Views: 15.6ms | ActiveRecord: 0.0ms)


Started GET "/homes/contact?class=main_menu" for 127.0.0.1 at Wed Mar 14 08:42:12 +0530 2012
  Processing by HomesController#contact as HTML
  Parameters: {"class"=>"main_menu"}
Rendered homes/contact.html.erb within layouts/application (15.6ms)
Completed 200 OK in 47ms (Views: 46.8ms | ActiveRecord: 0.0ms)


Started GET "/homes/about_me?class=main_menu" for 127.0.0.1 at Wed Mar 14 08:42:15 +0530 2012
  Processing by HomesController#about_me as HTML
  Parameters: {"class"=>"main_menu"}
Rendered homes/about_me.html.erb within layouts/application (0.0ms)
Completed 200 OK in 31ms (Views: 31.2ms | ActiveRecord: 0.0ms)


Started GET "/homes/index" for 127.0.0.1 at Wed Mar 14 08:42:24 +0530 2012
  Processing by HomesController#index as HTML
Rendered homes/index.html.erb within layouts/application (0.0ms)
Completed 200 OK in 16ms (Views: 15.6ms | ActiveRecord: 0.0ms)


Started GET "/homes/about_me" for 127.0.0.1 at Wed Mar 14 08:42:44 +0530 2012
  Processing by HomesController#about_me as HTML
Rendered homes/about_me.html.erb within layouts/application (15.6ms)
Completed 200 OK in 31ms (Views: 31.2ms | ActiveRecord: 0.0ms)


Started GET "/homes/portfolio?class=main_menu" for 127.0.0.1 at Wed Mar 14 08:42:49 +0530 2012
  Processing by HomesController#portfolio as HTML
  Parameters: {"class"=>"main_menu"}
Rendered homes/portfolio.html.erb within layouts/application (0.0ms)
Completed 200 OK in 31ms (Views: 31.2ms | ActiveRecord: 0.0ms)


Started GET "/homes/about_me?class=main_menu" for 127.0.0.1 at Wed Mar 14 08:43:46 +0530 2012
  Processing by HomesController#about_me as HTML
  Parameters: {"class"=>"main_menu"}
Rendered homes/about_me.html.erb within layouts/application (15.6ms)
Completed 200 OK in 31ms (Views: 31.2ms | ActiveRecord: 0.0ms)


Started GET "/homes/mygallery?class=main_menu+" for 127.0.0.1 at Wed Mar 14 08:43:49 +0530 2012
  Processing by HomesController#mygallery as HTML
  Parameters: {"class"=>"main_menu "}
Rendered homes/mygallery.html.erb within layouts/application (0.0ms)
Completed 200 OK in 16ms (Views: 15.6ms | ActiveRecord: 0.0ms)


Started GET "/homes/index" for 127.0.0.1 at Wed Mar 14 08:47:35 +0530 2012
  Processing by HomesController#index as HTML
Rendered homes/index.html.erb within layouts/application (15.6ms)
Completed 200 OK in 31ms (Views: 31.2ms | ActiveRecord: 0.0ms)


Started GET "/homes/about_me" for 127.0.0.1 at Wed Mar 14 08:47:37 +0530 2012
  Processing by HomesController#about_me as HTML
Rendered homes/about_me.html.erb within layouts/application (15.6ms)
Completed 200 OK in 31ms (Views: 31.2ms | ActiveRecord: 0.0ms)
DEPRECATION WARNING: config.action_view.debug_rjs will be removed in 3.1, from 3.1 onwards you will need to install prototype-rails to continue to use RJS templates . (called from E:/chandramouli/config/initializers/setup_mail.rb:1)


Started GET "/" for 127.0.0.1 at Thu Mar 15 13:45:04 +0530 2012
  Processing by HomesController#index as HTML
Rendered homes/index.html.erb within layouts/application (27.0ms)
Completed 200 OK in 95ms (Views: 94.0ms | ActiveRecord: 0.0ms)


Started GET "/homes/about_me" for 127.0.0.1 at Thu Mar 15 13:46:56 +0530 2012
  Processing by HomesController#about_me as HTML
Rendered homes/about_me.html.erb within layouts/application (7.0ms)
Completed 200 OK in 70ms (Views: 69.0ms | ActiveRecord: 0.0ms)


Started GET "/homes/mygallery?class=main_menu+" for 127.0.0.1 at Thu Mar 15 13:47:00 +0530 2012
  Processing by HomesController#mygallery as HTML
  Parameters: {"class"=>"main_menu "}
Rendered homes/mygallery.html.erb within layouts/application (13.0ms)
Completed 200 OK in 69ms (Views: 68.0ms | ActiveRecord: 0.0ms)


Started GET "/homes/contact?class=main_menu" for 127.0.0.1 at Thu Mar 15 13:47:14 +0530 2012
  Processing by HomesController#contact as HTML
  Parameters: {"class"=>"main_menu"}
Rendered homes/contact.html.erb within layouts/application (7.0ms)
Completed 200 OK in 50ms (Views: 49.0ms | ActiveRecord: 0.0ms)


Started GET "/homes/portfolio?class=main_menu" for 127.0.0.1 at Thu Mar 15 13:47:17 +0530 2012
  Processing by HomesController#portfolio as HTML
  Parameters: {"class"=>"main_menu"}
Rendered homes/portfolio.html.erb within layouts/application (8.0ms)
Completed 200 OK in 61ms (Views: 60.0ms | ActiveRecord: 0.0ms)


Started GET "/homes/resume?class=main_menu+" for 127.0.0.1 at Thu Mar 15 13:47:41 +0530 2012
  Processing by HomesController#resume as HTML
  Parameters: {"class"=>"main_menu "}
Rendered homes/resume.html.erb within layouts/application (62.0ms)
Completed 200 OK in 112ms (Views: 111.0ms | ActiveRecord: 0.0ms)


Started GET "/homes/resume?class=main_menu+" for 127.0.0.1 at Thu Mar 15 13:49:32 +0530 2012
  Processing by HomesController#resume as HTML
  Parameters: {"class"=>"main_menu "}
Rendered homes/resume.html.erb within layouts/application (8.0ms)
Completed 200 OK in 32ms (Views: 30.0ms | ActiveRecord: 0.0ms)


Started GET "/homes/index" for 127.0.0.1 at Thu Mar 15 13:50:21 +0530 2012
  Processing by HomesController#index as HTML
Rendered homes/index.html.erb within layouts/application (7.0ms)
Completed 200 OK in 30ms (Views: 29.0ms | ActiveRecord: 0.0ms)
DEPRECATION WARNING: config.action_view.debug_rjs will be removed in 3.1, from 3.1 onwards you will need to install prototype-rails to continue to use RJS templates . (called from E:/chandramouli/config/initializers/setup_mail.rb:1)


Started GET "/" for 127.0.0.1 at Sun Mar 18 16:11:39 +0530 2012
  Processing by HomesController#index as HTML
Rendered homes/index.html.erb within layouts/application (10.0ms)
Completed 200 OK in 31ms (Views: 30.0ms | ActiveRecord: 0.0ms)


Started GET "/homes/portfolio" for 127.0.0.1 at Sun Mar 18 16:11:59 +0530 2012
  Processing by HomesController#portfolio as HTML
Rendered homes/portfolio.html.erb within layouts/application (12.0ms)
Completed 200 OK in 64ms (Views: 62.0ms | ActiveRecord: 0.0ms)


Started GET "/homes/resume?class=main_menu+" for 127.0.0.1 at Sun Mar 18 16:12:06 +0530 2012
  Processing by HomesController#resume as HTML
  Parameters: {"class"=>"main_menu "}
Rendered homes/resume.html.erb within layouts/application (6.0ms)
Completed 200 OK in 27ms (Views: 26.0ms | ActiveRecord: 0.0ms)


Started GET "/homes/resume?class=main_menu+" for 127.0.0.1 at Sun Mar 18 16:20:09 +0530 2012
  Processing by HomesController#resume as HTML
  Parameters: {"class"=>"main_menu "}
Rendered homes/resume.html.erb within layouts/application (0.0ms)
Completed 200 OK in 31ms (Views: 31.2ms | ActiveRecord: 0.0ms)


Started GET "/homes/resume?class=main_menu+" for 127.0.0.1 at Sun Mar 18 16:25:48 +0530 2012
  Processing by HomesController#resume as HTML
  Parameters: {"class"=>"main_menu "}
Rendered homes/resume.html.erb within layouts/application (0.0ms)
Completed 200 OK in 30ms (Views: 30.0ms | ActiveRecord: 0.0ms)


Started GET "/homes/about_me?class=main_menu" for 127.0.0.1 at Sun Mar 18 16:28:21 +0530 2012
  Processing by HomesController#about_me as HTML
  Parameters: {"class"=>"main_menu"}
Rendered homes/about_me.html.erb within layouts/application (10.0ms)
Completed 200 OK in 60ms (Views: 60.0ms | ActiveRecord: 0.0ms)


Started GET "/" for 127.0.0.1 at Sun Mar 18 16:28:40 +0530 2012
  Processing by HomesController#index as HTML
Rendered homes/index.html.erb within layouts/application (10.0ms)
Completed 200 OK in 30ms (Views: 30.0ms | ActiveRecord: 0.0ms)


Started GET "/homes/about_me" for 127.0.0.1 at Sun Mar 18 16:29:07 +0530 2012
  Processing by HomesController#about_me as HTML
Rendered homes/about_me.html.erb within layouts/application (30.0ms)
Completed 200 OK in 100ms (Views: 100.0ms | ActiveRecord: 0.0ms)


Started GET "/homes/mygallery?class=main_menu+" for 127.0.0.1 at Sun Mar 18 16:29:20 +0530 2012
  Processing by HomesController#mygallery as HTML
  Parameters: {"class"=>"main_menu "}
Rendered homes/mygallery.html.erb within layouts/application (20.0ms)
Completed 200 OK in 50ms (Views: 50.0ms | ActiveRecord: 0.0ms)


Started GET "/homes/mygallery?class=main_menu+" for 127.0.0.1 at Sun Mar 18 16:29:34 +0530 2012
  Processing by HomesController#mygallery as HTML
  Parameters: {"class"=>"main_menu "}
Rendered homes/mygallery.html.erb within layouts/application (10.0ms)
Completed 200 OK in 40ms (Views: 40.0ms | ActiveRecord: 0.0ms)


Started GET "/homes/contact?class=main_menu" for 127.0.0.1 at Sun Mar 18 16:30:04 +0530 2012
  Processing by HomesController#contact as HTML
  Parameters: {"class"=>"main_menu"}
Rendered homes/contact.html.erb within layouts/application (10.0ms)
Completed 200 OK in 40ms (Views: 40.0ms | ActiveRecord: 0.0ms)


Started GET "/homes/portfolio?class=main_menu" for 127.0.0.1 at Sun Mar 18 16:31:48 +0530 2012
  Processing by HomesController#portfolio as HTML
  Parameters: {"class"=>"main_menu"}
Rendered homes/portfolio.html.erb within layouts/application (15.6ms)
Completed 200 OK in 31ms (Views: 31.2ms | ActiveRecord: 0.0ms)


Started GET "/homes/contact?class=main_menu" for 127.0.0.1 at Sun Mar 18 16:32:13 +0530 2012
  Processing by HomesController#contact as HTML
  Parameters: {"class"=>"main_menu"}
Rendered homes/contact.html.erb within layouts/application (15.6ms)
Completed 200 OK in 31ms (Views: 31.2ms | ActiveRecord: 0.0ms)
DEPRECATION WARNING: config.action_view.debug_rjs will be removed in 3.1, from 3.1 onwards you will need to install prototype-rails to continue to use RJS templates . (called from E:/chandramouli/config/initializers/setup_mail.rb:1)
DEPRECATION WARNING: config.action_view.debug_rjs will be removed in 3.1, from 3.1 onwards you will need to install prototype-rails to continue to use RJS templates . (called from E:/chandramouli/config/initializers/setup_mail.rb:1)
DEPRECATION WARNING: config.action_view.debug_rjs will be removed in 3.1, from 3.1 onwards you will need to install prototype-rails to continue to use RJS templates . (called from E:/chandramouli/config/initializers/setup_mail.rb:1)


Started GET "/" for 127.0.0.1 at Sat Mar 24 08:01:40 +0530 2012
  Processing by HomesController#index as HTML
Rendered homes/index.html.erb within layouts/application (56.0ms)
Completed 200 OK in 76ms (Views: 76.0ms | ActiveRecord: 0.0ms)


Started GET "/homes/about_me" for 127.0.0.1 at Sat Mar 24 08:01:53 +0530 2012
  Processing by HomesController#about_me as HTML
Rendered homes/about_me.html.erb within layouts/application (6.0ms)
Completed 200 OK in 51ms (Views: 50.0ms | ActiveRecord: 0.0ms)


Started GET "/homes/mygallery?class=main_menu+" for 127.0.0.1 at Sat Mar 24 08:02:03 +0530 2012
  Processing by HomesController#mygallery as HTML
  Parameters: {"class"=>"main_menu "}
Rendered homes/mygallery.html.erb within layouts/application (7.0ms)
Completed 200 OK in 28ms (Views: 27.0ms | ActiveRecord: 0.0ms)


Started GET "/homes/contact?class=main_menu" for 127.0.0.1 at Sat Mar 24 08:02:11 +0530 2012
  Processing by HomesController#contact as HTML
  Parameters: {"class"=>"main_menu"}
Rendered homes/contact.html.erb within layouts/application (10.0ms)
Completed 200 OK in 34ms (Views: 34.0ms | ActiveRecord: 0.0ms)


Started GET "/homes/portfolio?class=main_menu" for 127.0.0.1 at Sat Mar 24 08:02:13 +0530 2012
  Processing by HomesController#portfolio as HTML
  Parameters: {"class"=>"main_menu"}
Rendered homes/portfolio.html.erb within layouts/application (8.0ms)
Completed 200 OK in 71ms (Views: 70.0ms | ActiveRecord: 0.0ms)


Started GET "/homes/contact?class=main_menu" for 127.0.0.1 at Sat Mar 24 08:02:26 +0530 2012
  Processing by HomesController#contact as HTML
  Parameters: {"class"=>"main_menu"}
Rendered homes/contact.html.erb within layouts/application (14.0ms)
Completed 200 OK in 42ms (Views: 41.0ms | ActiveRecord: 0.0ms)


Started GET "/homes/mygallery?class=main_menu+" for 127.0.0.1 at Sat Mar 24 08:02:29 +0530 2012
  Processing by HomesController#mygallery as HTML
  Parameters: {"class"=>"main_menu "}
Rendered homes/mygallery.html.erb within layouts/application (10.0ms)
Completed 200 OK in 34ms (Views: 32.0ms | ActiveRecord: 0.0ms)


Started GET "/homes/about_me?class=main_menu" for 127.0.0.1 at Sat Mar 24 08:02:35 +0530 2012
  Processing by HomesController#about_me as HTML
  Parameters: {"class"=>"main_menu"}
Rendered homes/about_me.html.erb within layouts/application (11.0ms)
Completed 200 OK in 37ms (Views: 35.0ms | ActiveRecord: 0.0ms)


Started GET "/homes/portfolio?class=main_menu" for 127.0.0.1 at Sat Mar 24 08:02:38 +0530 2012
  Processing by HomesController#portfolio as HTML
  Parameters: {"class"=>"main_menu"}
Rendered homes/portfolio.html.erb within layouts/application (9.0ms)
Completed 200 OK in 34ms (Views: 33.0ms | ActiveRecord: 0.0ms)


Started GET "/homes/about_me?class=main_menu" for 127.0.0.1 at Sat Mar 24 08:02:51 +0530 2012
  Processing by HomesController#about_me as HTML
  Parameters: {"class"=>"main_menu"}
Rendered homes/about_me.html.erb within layouts/application (5.0ms)
Completed 200 OK in 32ms (Views: 31.0ms | ActiveRecord: 0.0ms)


Started GET "/homes/mygallery?class=main_menu+" for 127.0.0.1 at Sat Mar 24 08:02:57 +0530 2012
  Processing by HomesController#mygallery as HTML
  Parameters: {"class"=>"main_menu "}
Rendered homes/mygallery.html.erb within layouts/application (9.0ms)
Completed 200 OK in 27ms (Views: 26.0ms | ActiveRecord: 0.0ms)
DEPRECATION WARNING: config.action_view.debug_rjs will be removed in 3.1, from 3.1 onwards you will need to install prototype-rails to continue to use RJS templates . (called from E:/chandramouli/config/initializers/setup_mail.rb:1)
DEPRECATION WARNING: config.action_view.debug_rjs will be removed in 3.1, from 3.1 onwards you will need to install prototype-rails to continue to use RJS templates . (called from E:/chandramouli/config/initializers/setup_mail.rb:1)
  [1m[36mSQL (1.0ms)[0m  [1mSHOW TABLES[0m
  [1m[35mSQL (1.0ms)[0m  SHOW TABLES
  [1m[36mSQL (1.0ms)[0m  [1mSHOW TABLES[0m
  [1m[35mSQL (1.0ms)[0m  SELECT `schema_migrations`.`version` FROM `schema_migrations`
  [1m[36mSQL (1.0ms)[0m  [1mSHOW TABLES[0m
DEPRECATION WARNING: config.action_view.debug_rjs will be removed in 3.1, from 3.1 onwards you will need to install prototype-rails to continue to use RJS templates . (called from E:/chandramouli/config/initializers/setup_mail.rb:1)


Started GET "/" for 127.0.0.1 at Sun Apr 08 19:25:00 +0530 2012
  Processing by HomesController#index as HTML
Rendered homes/index.html.erb within layouts/application (59.0ms)
Completed 200 OK in 81ms (Views: 80.0ms | ActiveRecord: 0.0ms)


Started GET "/homes/about_me" for 127.0.0.1 at Sun Apr 08 19:25:23 +0530 2012
  Processing by HomesController#about_me as HTML
Rendered homes/about_me.html.erb within layouts/application (9.0ms)
Completed 200 OK in 68ms (Views: 68.0ms | ActiveRecord: 0.0ms)


Started GET "/homes/portfolio?class=main_menu" for 127.0.0.1 at Sun Apr 08 19:25:29 +0530 2012
  Processing by HomesController#portfolio as HTML
  Parameters: {"class"=>"main_menu"}
Rendered homes/portfolio.html.erb within layouts/application (5.0ms)
Completed 200 OK in 55ms (Views: 55.0ms | ActiveRecord: 0.0ms)


Started GET "/homes/about_me?class=main_menu" for 127.0.0.1 at Sun Apr 08 19:25:38 +0530 2012
  Processing by HomesController#about_me as HTML
  Parameters: {"class"=>"main_menu"}
Rendered homes/about_me.html.erb within layouts/application (12.0ms)
Completed 200 OK in 42ms (Views: 41.0ms | ActiveRecord: 0.0ms)


Started GET "/homes/mygallery?class=main_menu+" for 127.0.0.1 at Sun Apr 08 19:25:40 +0530 2012
  Processing by HomesController#mygallery as HTML
  Parameters: {"class"=>"main_menu "}
Rendered homes/mygallery.html.erb within layouts/application (13.0ms)
Completed 200 OK in 44ms (Views: 43.0ms | ActiveRecord: 0.0ms)


Started GET "/homes/contact?class=main_menu" for 127.0.0.1 at Sun Apr 08 19:25:52 +0530 2012
  Processing by HomesController#contact as HTML
  Parameters: {"class"=>"main_menu"}
Rendered homes/contact.html.erb within layouts/application (9.0ms)
Completed 200 OK in 65ms (Views: 65.0ms | ActiveRecord: 0.0ms)


Started POST "/homes/send_email" for 127.0.0.1 at Sun Apr 08 19:26:39 +0530 2012
  Processing by HomesController#send_email as HTML
  Parameters: {"name"=>"kddflfkkk", "commit"=>"Contact Me", "authenticity_token"=>"wDCMoSvsfe69r87bITy1njTpa1/0AKw1NyGefZVCq7g=", "utf8"=>"✓", "subject"=>"ddfdfdf", "message"=>"ddfdfdfddfdfdfdfdfdfdf", "email"=>"thanikz@gmail.comdfdf"}
Rendered contact_mailer/contact_mail.html.erb (1.0ms)

Sent mail to mouli.g85@gmail.com (9157ms)
Date: Sun, 08 Apr 2012 19:26:39 +0530
From: thanikz@gmail.comdfdf
To: mouli.g85@gmail.com
Message-ID: <4f819917b1350_14ac43dbac4560c4@MOULI-PC.mail>
Subject: ddfdfdf
Mime-Version: 1.0
Content-Type: text/html;
 charset=UTF-8
Content-Transfer-Encoding: 7bit

<div>
	<b>Email Id:</b>thanikz@gmail.comdfdf<br/><br/>
	<b>Name:</b>kddflfkkk<br/><br/>
	<b>Message:</b>ddfdfdfddfdfdfdfdfdfdf<br/><br/>
</div>
Redirected to http://localhost:3000/homes/contact?class=main_menu
Completed 302 Found in 9454ms


Started GET "/homes/contact?class=main_menu" for 127.0.0.1 at Sun Apr 08 19:26:48 +0530 2012
  Processing by HomesController#contact as HTML
  Parameters: {"class"=>"main_menu"}
Rendered homes/contact.html.erb within layouts/application (10.0ms)
Completed 200 OK in 30ms (Views: 29.0ms | ActiveRecord: 0.0ms)


Started GET "/homes/portfolio?class=main_menu" for 127.0.0.1 at Sun Apr 08 19:31:24 +0530 2012
  Processing by HomesController#portfolio as HTML
  Parameters: {"class"=>"main_menu"}
Rendered homes/portfolio.html.erb within layouts/application (8.0ms)
Completed 200 OK in 38ms (Views: 37.0ms | ActiveRecord: 0.0ms)


Started GET "/homes/index" for 127.0.0.1 at Sun Apr 08 19:31:26 +0530 2012
  Processing by HomesController#index as HTML
Rendered homes/index.html.erb within layouts/application (9.0ms)
Completed 200 OK in 29ms (Views: 28.0ms | ActiveRecord: 0.0ms)


Started GET "/homes/about_me" for 127.0.0.1 at Sun Apr 08 19:31:28 +0530 2012
  Processing by HomesController#about_me as HTML
Rendered homes/about_me.html.erb within layouts/application (7.0ms)
Completed 200 OK in 28ms (Views: 27.0ms | ActiveRecord: 0.0ms)


Started GET "/homes/index" for 127.0.0.1 at Sun Apr 08 19:32:05 +0530 2012
  Processing by HomesController#index as HTML
Rendered homes/index.html.erb within layouts/application (7.0ms)
Completed 200 OK in 29ms (Views: 28.0ms | ActiveRecord: 0.0ms)


Started GET "/homes/portfolio" for 127.0.0.1 at Sun Apr 08 19:32:07 +0530 2012
  Processing by HomesController#portfolio as HTML
Rendered homes/portfolio.html.erb within layouts/application (6.0ms)
Completed 200 OK in 27ms (Views: 26.0ms | ActiveRecord: 0.0ms)


Started GET "/homes/resume?class=main_menu+" for 127.0.0.1 at Sun Apr 08 19:32:29 +0530 2012
  Processing by HomesController#resume as HTML
  Parameters: {"class"=>"main_menu "}
Rendered homes/resume.html.erb within layouts/application (5.0ms)
Completed 200 OK in 24ms (Views: 23.0ms | ActiveRecord: 0.0ms)
DEPRECATION WARNING: config.action_view.debug_rjs will be removed in 3.1, from 3.1 onwards you will need to install prototype-rails to continue to use RJS templates . (called from E:/chandramouli/config/initializers/setup_mail.rb:1)
DEPRECATION WARNING: config.action_view.debug_rjs will be removed in 3.1, from 3.1 onwards you will need to install prototype-rails to continue to use RJS templates . (called from F:/chandramouli/config/initializers/setup_mail.rb:1)


Started GET "/" for 127.0.0.1 at Wed May 16 12:37:38 +0530 2012

Mysql::Error (Access denied for user 'root'@'localhost' (using password: YES)):
  

Rendered C:/Ruby187/lib/ruby/gems/1.8/gems/actionpack-3.0.9/lib/action_dispatch/middleware/templates/rescues/_trace.erb (1.0ms)
Rendered C:/Ruby187/lib/ruby/gems/1.8/gems/actionpack-3.0.9/lib/action_dispatch/middleware/templates/rescues/_request_and_response.erb (14.0ms)
Rendered C:/Ruby187/lib/ruby/gems/1.8/gems/actionpack-3.0.9/lib/action_dispatch/middleware/templates/rescues/diagnostics.erb within rescues/layout (32.0ms)


Started GET "/" for 127.0.0.1 at Wed May 16 12:39:48 +0530 2012

Mysql::Error (Access denied for user 'root'@'localhost' (using password: YES)):
  

Rendered C:/Ruby187/lib/ruby/gems/1.8/gems/actionpack-3.0.9/lib/action_dispatch/middleware/templates/rescues/_trace.erb (1.0ms)
Rendered C:/Ruby187/lib/ruby/gems/1.8/gems/actionpack-3.0.9/lib/action_dispatch/middleware/templates/rescues/_request_and_response.erb (2.0ms)
Rendered C:/Ruby187/lib/ruby/gems/1.8/gems/actionpack-3.0.9/lib/action_dispatch/middleware/templates/rescues/diagnostics.erb within rescues/layout (18.0ms)


Started GET "/" for 127.0.0.1 at Wed May 16 12:39:55 +0530 2012

Mysql::Error (Access denied for user 'root'@'localhost' (using password: YES)):
  

Rendered C:/Ruby187/lib/ruby/gems/1.8/gems/actionpack-3.0.9/lib/action_dispatch/middleware/templates/rescues/_trace.erb (1.0ms)
Rendered C:/Ruby187/lib/ruby/gems/1.8/gems/actionpack-3.0.9/lib/action_dispatch/middleware/templates/rescues/_request_and_response.erb (2.0ms)
Rendered C:/Ruby187/lib/ruby/gems/1.8/gems/actionpack-3.0.9/lib/action_dispatch/middleware/templates/rescues/diagnostics.erb within rescues/layout (22.0ms)
DEPRECATION WARNING: config.action_view.debug_rjs will be removed in 3.1, from 3.1 onwards you will need to install prototype-rails to continue to use RJS templates . (called from F:/chandramouli/config/initializers/setup_mail.rb:1)
  [1m[36mSQL (59.0ms)[0m  [1mSHOW TABLES[0m
  [1m[35mSQL (1.0ms)[0m  SHOW TABLES
  [1m[36mSQL (50.0ms)[0m  [1mCREATE TABLE `schema_migrations` (`version` varchar(255) NOT NULL) ENGINE=InnoDB[0m
  [1m[35mSQL (13.0ms)[0m  SHOW KEYS FROM `schema_migrations`
  [1m[36mSQL (21.0ms)[0m  [1mCREATE UNIQUE INDEX `unique_schema_migrations` ON `schema_migrations` (`version`)[0m
  [1m[35mSQL (2.0ms)[0m  SHOW TABLES
  [1m[36mSQL (1.0ms)[0m  [1mSHOW TABLES[0m
  [1m[35mSQL (2.0ms)[0m  SHOW TABLES
  [1m[36mSQL (1.0ms)[0m  [1mSHOW TABLES[0m
  [1m[35mSQL (1.0ms)[0m  SELECT `schema_migrations`.`version` FROM `schema_migrations`
  [1m[36mSQL (2.0ms)[0m  [1mSHOW TABLES[0m
DEPRECATION WARNING: config.action_view.debug_rjs will be removed in 3.1, from 3.1 onwards you will need to install prototype-rails to continue to use RJS templates . (called from F:/chandramouli/config/initializers/setup_mail.rb:1)


Started GET "/" for 127.0.0.1 at Wed May 16 12:41:15 +0530 2012
  Processing by HomesController#index as HTML
Rendered homes/index.html.erb within layouts/application (7.0ms)
Completed 200 OK in 60ms (Views: 60.0ms | ActiveRecord: 0.0ms)


Started GET "/homes/about_me" for 127.0.0.1 at Wed May 16 12:42:24 +0530 2012
  Processing by HomesController#about_me as HTML
Rendered homes/about_me.html.erb within layouts/application (8.0ms)
Completed 200 OK in 100ms (Views: 100.0ms | ActiveRecord: 0.0ms)


Started GET "/homes/mygallery?class=main_menu+" for 127.0.0.1 at Wed May 16 12:42:36 +0530 2012
  Processing by HomesController#mygallery as HTML
  Parameters: {"class"=>"main_menu "}
Rendered homes/mygallery.html.erb within layouts/application (83.0ms)
Completed 200 OK in 148ms (Views: 147.0ms | ActiveRecord: 0.0ms)


Started GET "/homes/contact?class=main_menu" for 127.0.0.1 at Wed May 16 12:42:41 +0530 2012
  Processing by HomesController#contact as HTML
  Parameters: {"class"=>"main_menu"}
Rendered homes/contact.html.erb within layouts/application (9.0ms)
Completed 200 OK in 55ms (Views: 54.0ms | ActiveRecord: 0.0ms)


Started GET "/homes/portfolio?class=main_menu" for 127.0.0.1 at Wed May 16 12:42:48 +0530 2012
  Processing by HomesController#portfolio as HTML
  Parameters: {"class"=>"main_menu"}
Rendered homes/portfolio.html.erb within layouts/application (7.0ms)
Completed 200 OK in 33ms (Views: 32.0ms | ActiveRecord: 0.0ms)


Started GET "/homes/contact?class=main_menu" for 127.0.0.1 at Wed May 16 12:43:02 +0530 2012
  Processing by HomesController#contact as HTML
  Parameters: {"class"=>"main_menu"}
Rendered homes/contact.html.erb within layouts/application (9.0ms)
Completed 200 OK in 30ms (Views: 29.0ms | ActiveRecord: 0.0ms)


Started GET "/homes/mygallery?class=main_menu+" for 127.0.0.1 at Wed May 16 12:43:04 +0530 2012
  Processing by HomesController#mygallery as HTML
  Parameters: {"class"=>"main_menu "}
Rendered homes/mygallery.html.erb within layouts/application (8.0ms)
Completed 200 OK in 32ms (Views: 31.0ms | ActiveRecord: 0.0ms)


Started GET "/homes/portfolio?class=main_menu" for 127.0.0.1 at Wed May 16 12:43:08 +0530 2012
  Processing by HomesController#portfolio as HTML
  Parameters: {"class"=>"main_menu"}
Rendered homes/portfolio.html.erb within layouts/application (8.0ms)
Completed 200 OK in 34ms (Views: 33.0ms | ActiveRecord: 0.0ms)


Started GET "/homes/resume?class=main_menu+" for 127.0.0.1 at Wed May 16 12:43:11 +0530 2012
  Processing by HomesController#resume as HTML
  Parameters: {"class"=>"main_menu "}
Rendered homes/resume.html.erb within layouts/application (9.0ms)
Completed 200 OK in 36ms (Views: 36.0ms | ActiveRecord: 0.0ms)


Started GET "/homes/about_me?class=main_menu" for 127.0.0.1 at Wed May 16 12:44:38 +0530 2012
  Processing by HomesController#about_me as HTML
  Parameters: {"class"=>"main_menu"}
Rendered homes/about_me.html.erb within layouts/application (4.0ms)
Completed 200 OK in 24ms (Views: 23.0ms | ActiveRecord: 0.0ms)


Started GET "/homes/index" for 127.0.0.1 at Wed May 16 12:44:41 +0530 2012
  Processing by HomesController#index as HTML
Rendered homes/index.html.erb within layouts/application (9.0ms)
Completed 200 OK in 30ms (Views: 30.0ms | ActiveRecord: 0.0ms)
